# 6. Przypadki praktyczne optymalizacji

## ğŸ¯ Cele

- StosowaÄ‡ techniki optymalizacji na rzeczywistych przypadkach
- AnalizowaÄ‡ problemy wydajnoÅ›ciowe
- MierzyÄ‡ wpÅ‚yw optymalizacji
- UÅ¼ywaÄ‡ Dalibo do identyfikacji i rozwiÄ…zywania problemÃ³w

## ğŸ“‹ Spis treÅ›ci

1. [Przypadek 1 : Wolne zapytanie z skanowaniem sekwencyjnym](#przypadek-1--wolne-zapytanie-z-skanowaniem-sekwencyjnym)
2. [Przypadek 2 : Wolne zÅ‚Ä…czenie na duÅ¼ej tabeli](#przypadek-2--wolne-zÅ‚Ä…czenie-na-duÅ¼ej-tabeli)
3. [Przypadek 3 : Wolna agregacja](#przypadek-3--wolna-agregacja)
4. [Przypadek 4 : Podzapytanie skorelowane](#przypadek-4--podzapytanie-skorelowane)
5. [Przypadek 5 : Problem wspÃ³Å‚czynnika trafieÅ„ cache](#przypadek-5--problem-wspÃ³Å‚czynnika-trafieÅ„-cache)
6. [Przypadek 6 : Indeksy nieuÅ¼ywane](#przypadek-6--indeksy-nieuÅ¼ywane)

---

## Przypadek 1 : Wolne zapytanie z skanowaniem sekwencyjnym

### Problem poczÄ…tkowy

**Zapytanie :**
```sql
SELECT * FROM users WHERE email = 'user@example.com';
```

**Plan wykonania :**
```
Seq Scan on users  (cost=0.00..25000.00 rows=1 width=64)
  (actual time=0.123..1500.456 rows=1 loops=1)
  Filter: (email = 'user@example.com'::text)
  Rows Removed by Filter: 999999
Planning Time: 0.234 ms
Execution Time: 1500.678 ms
```

**Zidentyfikowane problemy :**
- ğŸ”´ Skanowanie sekwencyjne na 1 milionie wierszy
- ğŸ”´ Czas wykonania : 1.5 sekundy
- ğŸ”´ 999999 wierszy przefiltrowanych

### Analiza z Dalibo

```sql
-- SprawdziÄ‡ w pg_stat_statements
SELECT 
    query,
    calls,
    mean_exec_time,
    shared_blks_read,
    shared_blks_hit
FROM pg_stat_statements
WHERE query LIKE '%users WHERE email%'
ORDER BY mean_exec_time DESC;

-- SprawdziÄ‡ z pg_qualstats
SELECT 
    left_table,
    left_column,
    operator,
    execution_count
FROM pg_qualstats
WHERE left_table = 'users' AND left_column = 'email';
```

### RozwiÄ…zanie

```sql
-- UtworzyÄ‡ indeks na email
CREATE INDEX idx_users_email ON users(email);

-- SprawdziÄ‡ nowy plan
EXPLAIN ANALYZE
SELECT * FROM users WHERE email = 'user@example.com';
```

**Zoptymalizowany plan :**
```
Index Scan using idx_users_email on users
  (cost=0.42..8.44 rows=1 width=64)
  (actual time=0.123..0.125 rows=1 loops=1)
  Index Cond: (email = 'user@example.com'::text)
Planning Time: 0.234 ms
Execution Time: 0.125 ms
```

### Wyniki

| Metryka | Przed | Po | Poprawa |
|---------|-------|-----|---------|
| Czas wykonania | 1500ms | 0.125ms | **99.99%** |
| Typ skanowania | Seq Scan | Index Scan | âœ… |
| Wiersze skanowane | 1,000,000 | 1 | âœ… |

---

## Przypadek 2 : Wolne zÅ‚Ä…czenie na duÅ¼ej tabeli

### Problem poczÄ…tkowy

**Zapytanie :**
```sql
SELECT 
    u.name,
    u.email,
    COUNT(o.id) AS order_count,
    SUM(o.amount) AS total_amount
FROM users u
JOIN orders o ON u.id = o.user_id
WHERE u.created_at > '2024-01-01'
GROUP BY u.id, u.name, u.email;
```

**Plan wykonania :**
```
Hash Join
  (cost=125000.00..250000.00 rows=50000 width=64)
  (actual time=5000.123..15000.456 rows=45000 loops=1)
  Hash Cond: (o.user_id = u.id)
  -> Seq Scan on orders o
      (cost=0.00..100000.00 rows=1000000 width=16)
      (actual time=0.123..5000.456 rows=1000000 loops=1)
  -> Hash
      (cost=25000.00..25000.00 rows=100000 width=48)
      (actual time=2000.123..2000.123 rows=100000 loops=1)
      Buckets: 131072  Batches: 8  Memory Usage: 5120kB
      -> Seq Scan on users u
          (cost=0.00..25000.00 rows=100000 width=48)
          (actual time=0.089..1000.567 rows=100000 loops=1)
          Filter: (created_at > '2024-01-01'::date)
Planning Time: 50.234 ms
Execution Time: 15000.678 ms
```

**Zidentyfikowane problemy :**
- ğŸ”´ Hash Join z 8 batchami (sortowanie na dysku)
- ğŸ”´ Skanowanie sekwencyjne na orders (1 milion wierszy)
- ğŸ”´ Czas wykonania : 15 sekund

### Analiza z Dalibo

```sql
-- IdentyfikowaÄ‡ brakujÄ…ce indeksy
SELECT 
    qs.left_table,
    qs.left_column,
    qs.operator,
    COUNT(*) AS execution_count
FROM pg_qualstats qs
WHERE qs.left_table IN ('users', 'orders')
GROUP BY qs.left_table, qs.left_column, qs.operator
ORDER BY execution_count DESC;
```

### RozwiÄ…zanie

```sql
-- UtworzyÄ‡ indeksy na kluczach zÅ‚Ä…czenia i filtrach
CREATE INDEX idx_orders_user_id ON orders(user_id);
CREATE INDEX idx_users_created_at ON users(created_at);

-- Indeks zÅ‚oÅ¼ony dla peÅ‚nego zapytania
CREATE INDEX idx_orders_user_id_amount ON orders(user_id, amount);

-- ZwiÄ™kszyÄ‡ work_mem do unikniÄ™cia batchÃ³w
SET work_mem = '256MB';

-- SprawdziÄ‡ nowy plan
EXPLAIN ANALYZE
SELECT 
    u.name,
    u.email,
    COUNT(o.id) AS order_count,
    SUM(o.amount) AS total_amount
FROM users u
JOIN orders o ON u.id = o.user_id
WHERE u.created_at > '2024-01-01'
GROUP BY u.id, u.name, u.email;
```

**Zoptymalizowany plan :**
```
Hash Join
  (cost=5000.00..15000.00 rows=50000 width=64)
  (actual time=200.123..800.456 rows=45000 loops=1)
  Hash Cond: (o.user_id = u.id)
  -> Index Scan using idx_orders_user_id on orders o
      (cost=0.42..8000.00 rows=500000 width=16)
      (actual time=0.123..300.456 rows=500000 loops=1)
  -> Hash
      (cost=2500.00..2500.00 rows=100000 width=48)
      (actual time=100.123..100.123 rows=100000 loops=1)
      Buckets: 131072  Batches: 1  Memory Usage: 5120kB
      -> Index Scan using idx_users_created_at on users u
          (cost=0.42..2500.00 rows=100000 width=48)
          (actual time=0.089..50.567 rows=100000 loops=1)
          Index Cond: (created_at > '2024-01-01'::date)
Planning Time: 5.234 ms
Execution Time: 800.678 ms
```

### Wyniki

| Metryka | Przed | Po | Poprawa |
|---------|-------|-----|---------|
| Czas wykonania | 15000ms | 800ms | **94.7%** |
| Batches Hash Join | 8 | 1 | âœ… |
| Typ skanowania orders | Seq Scan | Index Scan | âœ… |
| Wiersze skanowane | 1,000,000 | 500,000 | âœ… |

---

## Przypadek 3 : Wolna agregacja

### Problem poczÄ…tkowy

**Zapytanie :**
```sql
SELECT 
    status,
    COUNT(*) AS count,
    AVG(amount) AS avg_amount,
    SUM(amount) AS total_amount
FROM orders
WHERE created_at BETWEEN '2024-01-01' AND '2024-12-31'
GROUP BY status
ORDER BY count DESC;
```

**Plan wykonania :**
```
Sort
  (cost=50000.00..50000.00 rows=5 width=32)
  (actual time=10000.123..10000.234 rows=5 loops=1)
  Sort Key: (count(*)) DESC
  Sort Method: quicksort  Memory: 25kB
  -> HashAggregate
      (cost=45000.00..45000.00 rows=5 width=32)
      (actual time=8000.123..8000.456 rows=5 loops=1)
      Group Key: status
      Batches: 1  Memory Usage: 24kB
      -> Seq Scan on orders
          (cost=0.00..40000.00 rows=2000000 width=16)
          (actual time=0.123..5000.456 rows=2000000 loops=1)
          Filter: ((created_at >= '2024-01-01'::date) 
                   AND (created_at <= '2024-12-31'::date))
          Rows Removed by Filter: 0
Planning Time: 10.234 ms
Execution Time: 10000.678 ms
```

**Zidentyfikowane problemy :**
- ğŸ”´ Skanowanie sekwencyjne na 2 milionach wierszy
- ğŸ”´ Czas wykonania : 10 sekund
- ğŸ”´ Brak indeksu na created_at

### RozwiÄ…zanie

```sql
-- UtworzyÄ‡ indeks na created_at i status
CREATE INDEX idx_orders_created_at_status ON orders(created_at, status);

-- Alternatywa : Indeks czÄ™Å›ciowy jeÅ›li niektÃ³re status sÄ… rzadkie
CREATE INDEX idx_orders_created_at_status_partial 
ON orders(created_at, status) 
WHERE status IN ('pending', 'processing');

-- SprawdziÄ‡ nowy plan
EXPLAIN ANALYZE
SELECT 
    status,
    COUNT(*) AS count,
    AVG(amount) AS avg_amount,
    SUM(amount) AS total_amount
FROM orders
WHERE created_at BETWEEN '2024-01-01' AND '2024-12-31'
GROUP BY status
ORDER BY count DESC;
```

**Zoptymalizowany plan :**
```
Sort
  (cost=5000.00..5000.00 rows=5 width=32)
  (actual time=500.123..500.234 rows=5 loops=1)
  Sort Key: (count(*)) DESC
  Sort Method: quicksort  Memory: 25kB
  -> HashAggregate
      (cost=4500.00..4500.00 rows=5 width=32)
      (actual time=400.123..400.456 rows=5 loops=1)
      Group Key: status
      Batches: 1  Memory Usage: 24kB
      -> Index Scan using idx_orders_created_at_status on orders
          (cost=0.42..4000.00 rows=2000000 width=16)
          (actual time=0.123..200.456 rows=2000000 loops=1)
          Index Cond: ((created_at >= '2024-01-01'::date) 
                       AND (created_at <= '2024-12-31'::date))
Planning Time: 5.234 ms
Execution Time: 500.678 ms
```

### Wyniki

| Metryka | Przed | Po | Poprawa |
|---------|-------|-----|---------|
| Czas wykonania | 10000ms | 500ms | **95%** |
| Typ skanowania | Seq Scan | Index Scan | âœ… |
| Wiersze skanowane | 2,000,000 | 2,000,000 | (ta sama liczba, ale indeks) |

---

## Przypadek 4 : Podzapytanie skorelowane

### Problem poczÄ…tkowy

**Zapytanie :**
```sql
SELECT 
    u.id,
    u.name,
    u.email,
    (SELECT COUNT(*) FROM orders o WHERE o.user_id = u.id) AS order_count,
    (SELECT MAX(created_at) FROM orders o WHERE o.user_id = u.id) AS last_order_date,
    (SELECT SUM(amount) FROM orders o WHERE o.user_id = u.id) AS total_spent
FROM users u
WHERE u.active = true;
```

**Plan wykonania :**
```
Seq Scan on users u
  (cost=0.00..250000.00 rows=100000 width=64)
  (actual time=0.123..50000.456 rows=100000 loops=1)
  Filter: (active = true)
  SubPlan 1
    -> Aggregate
        (cost=2.50..2.50 rows=1 width=8)
        (actual time=0.100..0.100 rows=1 loops=100000)
        -> Seq Scan on orders o
            (cost=0.00..2.25 rows=10 width=0)
            (actual time=0.050..0.050 rows=5 loops=100000)
            Filter: (user_id = u.id)
  SubPlan 2
    -> Result
        (cost=2.50..2.50 rows=1 width=8)
        (actual time=0.100..0.100 rows=1 loops=100000)
        -> Aggregate
            (cost=2.50..2.50 rows=1 width=8)
            (actual time=0.100..0.100 rows=1 loops=100000)
            -> Seq Scan on orders o
                (cost=0.00..2.25 rows=10 width=0)
                (actual time=0.050..0.050 rows=5 loops=100000)
                Filter: (user_id = u.id)
  SubPlan 3
    -> Aggregate
        (cost=2.50..2.50 rows=1 width=8)
        (actual time=0.100..0.100 rows=1 loops=100000)
        -> Seq Scan on orders o
            (cost=0.00..2.25 rows=10 width=0)
            (actual time=0.050..0.050 rows=5 loops=100000)
            Filter: (user_id = u.id)
Planning Time: 5.234 ms
Execution Time: 50000.678 ms
```

**Zidentyfikowane problemy :**
- ğŸ”´ 3 podzapytania skorelowane wykonywane 100,000 razy kaÅ¼de
- ğŸ”´ 300,000 skanowaÅ„ sekwencyjnych na orders
- ğŸ”´ Czas wykonania : 50 sekund

### RozwiÄ…zanie

```sql
-- ZastÄ…piÄ‡ przez JOIN z agregacjÄ…
SELECT 
    u.id,
    u.name,
    u.email,
    COALESCE(o.order_count, 0) AS order_count,
    o.last_order_date,
    COALESCE(o.total_spent, 0) AS total_spent
FROM users u
LEFT JOIN (
    SELECT 
        user_id,
        COUNT(*) AS order_count,
        MAX(created_at) AS last_order_date,
        SUM(amount) AS total_spent
    FROM orders
    GROUP BY user_id
) o ON u.id = o.user_id
WHERE u.active = true;

-- UtworzyÄ‡ indeks do przyspieszenia zÅ‚Ä…czenia
CREATE INDEX idx_orders_user_id ON orders(user_id);
```

**Zoptymalizowany plan :**
```
Hash Right Join
  (cost=5000.00..15000.00 rows=100000 width=64)
  (actual time=200.123..800.456 rows=100000 loops=1)
  Hash Cond: (o.user_id = u.id)
  -> HashAggregate
      (cost=4000.00..4500.00 rows=50000 width=24)
      (actual time=150.123..200.456 rows=50000 loops=1)
      Group Key: orders.user_id
      Batches: 1  Memory Usage: 5120kB
      -> Index Scan using idx_orders_user_id on orders
          (cost=0.42..3000.00 rows=500000 width=16)
          (actual time=0.123..100.456 rows=500000 loops=1)
  -> Hash
      (cost=2000.00..2000.00 rows=100000 width=48)
      (actual time=50.123..50.123 rows=100000 loops=1)
      Buckets: 131072  Batches: 1  Memory Usage: 5120kB
      -> Seq Scan on users u
          (cost=0.00..2000.00 rows=100000 width=48)
          (actual time=0.089..25.567 rows=100000 loops=1)
          Filter: (active = true)
Planning Time: 5.234 ms
Execution Time: 800.678 ms
```

### Wyniki

| Metryka | Przed | Po | Poprawa |
|---------|-------|-----|---------|
| Czas wykonania | 50000ms | 800ms | **98.4%** |
| Skanowania na orders | 300,000 | 1 | âœ… |
| Typ operacji | Podzapytania | Hash Join | âœ… |

---

## Przypadek 5 : Problem wspÃ³Å‚czynnika trafieÅ„ cache

### Problem poczÄ…tkowy

**Metryki :**
```sql
-- Globalny wspÃ³Å‚czynnik trafieÅ„ cache
SELECT 
    ROUND(100.0 * SUM(shared_blks_hit) / 
          NULLIF(SUM(shared_blks_hit + shared_blks_read), 0), 2) AS cache_hit_ratio
FROM pg_stat_statements;
-- Wynik: 75% (cel: > 95%)
```

**Zapytania z wieloma odczytami z dysku :**
```sql
SELECT 
    LEFT(query, 100) AS query_preview,
    shared_blks_read,
    shared_blks_hit,
    ROUND(100.0 * shared_blks_hit / 
          NULLIF(shared_blks_hit + shared_blks_read, 0), 2) AS cache_hit_ratio,
    ROUND((shared_blks_read * 8)::numeric / 1024, 2) AS disk_read_mb
FROM pg_stat_statements
WHERE shared_blks_read > 1000
ORDER BY shared_blks_read DESC
LIMIT 10;
```

### RozwiÄ…zanie

```sql
-- 1. ZwiÄ™kszyÄ‡ shared_buffers (w postgresql.conf)
-- shared_buffers = 4GB  (25% RAM dla serwera dedykowanego)

-- 2. WstÄ™pnie zaÅ‚adowaÄ‡ czÄ™sto uÅ¼ywane tabele
-- UtworzyÄ‡ funkcjÄ™ wstÄ™pnego Å‚adowania
CREATE OR REPLACE FUNCTION pg_prewarm_table(table_name TEXT)
RETURNS void AS $$
BEGIN
    EXECUTE format('SELECT * FROM %I LIMIT 1', table_name);
END;
$$ LANGUAGE plpgsql;

-- WstÄ™pnie zaÅ‚adowaÄ‡ waÅ¼ne tabele
SELECT pg_prewarm_table('users');
SELECT pg_prewarm_table('orders');
SELECT pg_prewarm_table('products');

-- 3. UÅ¼ywaÄ‡ rozszerzenia pg_prewarm
CREATE EXTENSION IF NOT EXISTS pg_prewarm;

-- WstÄ™pnie zaÅ‚adowaÄ‡ peÅ‚nÄ… tabelÄ™
SELECT pg_prewarm('users');
SELECT pg_prewarm('orders');
```

**Po optymalizacji :**
```sql
-- SprawdziÄ‡ poprawÄ™
SELECT 
    ROUND(100.0 * SUM(shared_blks_hit) / 
          NULLIF(SUM(shared_blks_hit + shared_blks_read), 0), 2) AS cache_hit_ratio
FROM pg_stat_statements;
-- Wynik: 98% âœ…
```

### Wyniki

| Metryka | Przed | Po | Poprawa |
|---------|-------|-----|---------|
| WspÃ³Å‚czynnik trafieÅ„ cache | 75% | 98% | **+23%** |
| Odczyty z dysku | Wysokie | Niskie | âœ… |
| Czas odpowiedzi | Zmienny | Stabilny | âœ… |

---

## Przypadek 6 : Indeksy nieuÅ¼ywane

### Problem poczÄ…tkowy

**Identyfikacja nieuÅ¼ywanych indeksÃ³w :**
```sql
-- Indeksy nigdy nieuÅ¼ywane
SELECT 
    schemaname,
    tablename,
    indexname,
    pg_size_pretty(pg_relation_size(indexrelid)) AS index_size,
    idx_scan AS index_scans,
    pg_relation_size(indexrelid) AS size_bytes
FROM pg_stat_user_indexes
WHERE idx_scan = 0
  AND pg_relation_size(indexrelid) > 1048576  -- > 1MB
ORDER BY pg_relation_size(indexrelid) DESC;
```

**Wynik :**
```
 schemaname | tablename |      indexname       | index_size | index_scans | size_bytes
------------+-----------+----------------------+------------+-------------+------------
 public     | orders    | idx_orders_old_field | 250 MB     |           0 |  262144000
 public     | users     | idx_users_old_email  | 150 MB     |           0 |  157286400
```

**WpÅ‚yw :**
- ğŸ”´ 400 MB przestrzeni dyskowej zmarnowanej
- ğŸ”´ Spowolnienie INSERT/UPDATE
- ğŸ”´ Niepotrzebna konserwacja

### RozwiÄ…zanie

```sql
-- 1. SprawdziÄ‡ z HypoPG czy indeks jest naprawdÄ™ niepotrzebny
CREATE EXTENSION IF NOT EXISTS hypopg;

-- 2. AnalizowaÄ‡ zapytania, ktÃ³re mogÅ‚yby uÅ¼yÄ‡ indeksu
SELECT 
    query,
    calls,
    mean_exec_time
FROM pg_stat_statements
WHERE query LIKE '%old_field%' OR query LIKE '%old_email%';

-- 3. JeÅ›li naprawdÄ™ niepotrzebny, usunÄ…Ä‡ indeks
DROP INDEX idx_orders_old_field;
DROP INDEX idx_users_old_email;

-- 4. SprawdziÄ‡ zwolnionÄ… przestrzeÅ„
SELECT 
    pg_size_pretty(pg_database_size(current_database())) AS database_size;
```

### Wyniki

| Metryka | Przed | Po | Poprawa |
|---------|-------|-----|---------|
| PrzestrzeÅ„ indeksÃ³w | 400 MB | 0 MB | **-400 MB** |
| Czas INSERT | +10% | Normalny | âœ… |
| Czas UPDATE | +15% | Normalny | âœ… |

---

## ğŸ“Š Kluczowe punkty do zapamiÄ™tania

1. **Zawsze analizowaÄ‡ z EXPLAIN ANALYZE** przed optymalizacjÄ…
2. **UÅ¼ywaÄ‡ Dalibo** do automatycznej identyfikacji problemÃ³w
3. **MierzyÄ‡ wpÅ‚yw** przed i po kaÅ¼dej optymalizacji
4. **Odpowiednie indeksy** : NajczÄ™stsze rozwiÄ…zanie
5. **UnikaÄ‡ podzapytaÅ„ skorelowanych** : UÅ¼ywaÄ‡ JOIN
6. **MonitorowaÄ‡ regularnie** : Problemy ewoluujÄ…

## ğŸ”— NastÄ™pny moduÅ‚

PrzejdÅº do moduÅ‚u [7. Ä†wiczenia](../07-exercices/README.md), aby Ä‡wiczyÄ‡ z Ä‡wiczeniami prowadzonymi.

