# 2. Analiza planÃ³w wykonania

## ğŸ¯ Cele

- OpanowaÄ‡ EXPLAIN i EXPLAIN ANALYZE
- InterpretowaÄ‡ rÃ³Å¼ne typy operacji
- RozumieÄ‡ koszty i czasy wykonania
- IdentyfikowaÄ‡ problemy wydajnoÅ›ciowe w planach

## ğŸ“‹ Spis treÅ›ci

1. [EXPLAIN i EXPLAIN ANALYZE](#explain-i-explain-analyze)
2. [Typy operacji](#typy-operacji)
3. [Interpretacja kosztÃ³w](#interpretacja-kosztÃ³w)
4. [SygnaÅ‚y alarmowe](#sygnaÅ‚y-alarmowe)
5. [Dobre praktyki](#dobre-praktyki)

---

## EXPLAIN i EXPLAIN ANALYZE

### EXPLAIN (bez wykonania)

WyÅ›wietla szacowany plan wykonania **bez wykonywania zapytania** :

```sql
EXPLAIN SELECT * FROM users WHERE email = 'user@example.com';
```

**Wynik :**
```
Seq Scan on users  (cost=0.00..25.00 rows=1 width=64)
  Filter: (email = 'user@example.com'::text)
```

### EXPLAIN ANALYZE (z wykonaniem)

Wykonuje zapytanie i wyÅ›wietla **rzeczywiste czasy** :

```sql
EXPLAIN ANALYZE SELECT * FROM users WHERE email = 'user@example.com';
```

**Wynik :**
```
Seq Scan on users  (cost=0.00..25.00 rows=1 width=64) 
  (actual time=0.123..15.456 rows=1 loops=1)
  Filter: (email = 'user@example.com'::text)
  Rows Removed by Filter: 9999
Planning Time: 0.234 ms
Execution Time: 15.678 ms
```

### Przydatne opcje

```sql
-- Format JSON (dla narzÄ™dzi zewnÄ™trznych)
EXPLAIN (ANALYZE, BUFFERS, FORMAT JSON) 
SELECT * FROM users WHERE email = 'user@example.com';

-- WyÅ›wietliÄ‡ bufory
EXPLAIN (ANALYZE, BUFFERS) 
SELECT * FROM users WHERE email = 'user@example.com';

-- WyÅ›wietliÄ‡ parametry planowania
EXPLAIN (ANALYZE, VERBOSE, SETTINGS) 
SELECT * FROM users WHERE email = 'user@example.com';

-- Format YAML
EXPLAIN (ANALYZE, FORMAT YAML) 
SELECT * FROM users WHERE email = 'user@example.com';
```

### Interpretacja metryk

**Szacowane koszty :**
- `cost=0.00..25.00` : Koszt startowy..Koszt caÅ‚kowity
- `rows=1` : Szacowana liczba wierszy
- `width=64` : Åšredni rozmiar wiersza w bajtach

**Rzeczywiste czasy (ANALYZE) :**
- `actual time=0.123..15.456` : Czas startowy..Czas caÅ‚kowity (ms)
- `rows=1` : Rzeczywista liczba zwrÃ³conych wierszy
- `loops=1` : Liczba wykonaÅ„ tej operacji
- `Planning Time` : Czas planowania
- `Execution Time` : CaÅ‚kowity czas wykonania

**Bufory (z BUFFERS) :**
- `shared hit=15` : Strony odczytane z cache wspÃ³Å‚dzielonego
- `shared read=3` : Strony odczytane z dysku
- `shared written=0` : Strony zapisane
- `temp read/written` : Strony tymczasowe

---

## Typy operacji

### Seq Scan (Skanowanie sekwencyjne)

**Kiedy uÅ¼ywane :**
- Brak odpowiedniego indeksu
- MaÅ‚a tabela (< 10% tabeli)
- Indeks nie selektywny

**PrzykÅ‚ad :**
```sql
EXPLAIN ANALYZE SELECT * FROM users WHERE status = 'inactive';
```

**Interpretacja :**
- âœ… Akceptowalne dla maÅ‚ych tabel
- âš ï¸ Problematyczne dla duÅ¼ych tabel
- ğŸ” **DziaÅ‚anie** : UtworzyÄ‡ indeks jeÅ›li tabela jest duÅ¼a

### Index Scan

**Kiedy uÅ¼ywane :**
- Indeks dostÄ™pny i selektywny
- BezpoÅ›redni dostÄ™p przez indeks

**PrzykÅ‚ad :**
```sql
EXPLAIN ANALYZE 
SELECT * FROM users WHERE email = 'user@example.com';
```

**Typowy wynik :**
```
Index Scan using idx_users_email on users  
  (cost=0.42..8.44 rows=1 width=64)
  (actual time=0.123..0.125 rows=1 loops=1)
  Index Cond: (email = 'user@example.com'::text)
```

**Interpretacja :**
- âœ… Dobra wydajnoÅ›Ä‡
- âœ… BezpoÅ›redni dostÄ™p do wierszy

### Index Only Scan

**Kiedy uÅ¼ywane :**
- Wszystkie potrzebne kolumny sÄ… w indeksie
- Nie ma potrzeby dostÄ™pu do tabeli

**PrzykÅ‚ad :**
```sql
-- Indeks na (id, email)
CREATE INDEX idx_users_id_email ON users(id, email);

EXPLAIN ANALYZE 
SELECT id, email FROM users WHERE id BETWEEN 1 AND 100;
```

**Typowy wynik :**
```
Index Only Scan using idx_users_id_email on users
  (cost=0.42..5.44 rows=100 width=64)
  (actual time=0.123..0.456 rows=100 loops=1)
  Index Cond: ((id >= 1) AND (id <= 100))
  Heap Fetches: 0
```

**Interpretacja :**
- âœ… Optymalna wydajnoÅ›Ä‡
- âœ… `Heap Fetches: 0` = brak dostÄ™pu do tabeli

### Bitmap Index Scan + Bitmap Heap Scan

**Kiedy uÅ¼ywane :**
- Wiele warunkÃ³w z kilkoma indeksami
- Zwraca wiele wierszy

**PrzykÅ‚ad :**
```sql
EXPLAIN ANALYZE 
SELECT * FROM users 
WHERE status = 'active' AND created_at > '2024-01-01';
```

**Typowy wynik :**
```
Bitmap Heap Scan on users
  (cost=4.44..25.67 rows=50 width=64)
  (actual time=0.234..1.456 rows=45 loops=1)
  Recheck Cond: ((status = 'active'::text) AND (created_at > '2024-01-01'::date))
  Heap Blocks: exact=12
  -> Bitmap Index Scan on idx_users_status
      (cost=0.00..4.43 rows=50 width=0)
      (actual time=0.123..0.123 rows=45 loops=1)
      Index Cond: (status = 'active'::text)
```

**Interpretacja :**
- âœ… Skuteczne dla wielu warunkÃ³w
- âš ï¸ `Recheck Cond` = dodatkowa weryfikacja

### Nested Loop

**Kiedy uÅ¼ywane :**
- MaÅ‚e tabele lub ograniczone wyniki
- MaÅ‚a tabela zewnÄ™trzna

**PrzykÅ‚ad :**
```sql
EXPLAIN ANALYZE 
SELECT u.*, o.* 
FROM users u 
JOIN orders o ON u.id = o.user_id 
WHERE u.id = 123;
```

**Typowy wynik :**
```
Nested Loop
  (cost=0.85..25.67 rows=10 width=128)
  (actual time=0.123..2.456 rows=8 loops=1)
  -> Index Scan using idx_users_id on users
      (cost=0.42..8.44 rows=1 width=64)
      (actual time=0.089..0.090 rows=1 loops=1)
      Index Cond: (id = 123)
  -> Index Scan using idx_orders_user_id on orders
      (cost=0.42..17.23 rows=10 width=64)
      (actual time=0.234..2.345 rows=8 loops=1)
      Index Cond: (user_id = 123)
```

**Interpretacja :**
- âœ… Skuteczne dla maÅ‚ych pÄ™tli
- âš ï¸ MoÅ¼e byÄ‡ wolne jeÅ›li pÄ™tla zewnÄ™trzna jest duÅ¼a

### Hash Join

**Kiedy uÅ¼ywane :**
- Tabele podobnej wielkoÅ›ci
- Brak indeksu na kluczu zÅ‚Ä…czenia
- Prosta rÃ³wnoÅ›Ä‡

**PrzykÅ‚ad :**
```sql
EXPLAIN ANALYZE 
SELECT u.*, o.* 
FROM users u 
JOIN orders o ON u.id = o.user_id;
```

**Typowy wynik :**
```
Hash Join
  (cost=125.67..456.78 rows=10000 width=128)
  (actual time=2.345..15.678 rows=9876 loops=1)
  Hash Cond: (o.user_id = u.id)
  -> Seq Scan on orders o
      (cost=0.00..234.56 rows=10000 width=64)
      (actual time=0.123..5.678 rows=10000 loops=1)
  -> Hash
      (cost=123.45..123.45 rows=1000 width=64)
      (actual time=1.234..1.234 rows=1000 loops=1)
      Buckets: 1024  Batches: 1  Memory Usage: 64kB
      -> Seq Scan on users u
          (cost=0.00..123.45 rows=1000 width=64)
          (actual time=0.089..0.567 rows=1000 loops=1)
```

**Interpretacja :**
- âœ… Skuteczne dla zÅ‚Ä…czeÅ„ rÃ³wnoÅ›ciowych
- âš ï¸ Wymaga pamiÄ™ci (`work_mem`)
- ğŸ” **DziaÅ‚anie** : ZwiÄ™kszyÄ‡ `work_mem` jeÅ›li "Batches > 1"

### Merge Join

**Kiedy uÅ¼ywane :**
- Dane juÅ¼ posortowane
- ZÅ‚Ä…czenia na posortowanych kluczach
- Operatory porÃ³wnania (<, >, <=, >=)

**PrzykÅ‚ad :**
```sql
EXPLAIN ANALYZE 
SELECT u.*, o.* 
FROM users u 
JOIN orders o ON u.id = o.user_id 
ORDER BY u.id;
```

**Interpretacja :**
- âœ… Skuteczne jeÅ›li dane sÄ… posortowane
- âš ï¸ Wymaga sortowania jeÅ›li dane nie sÄ… posortowane

### Sort

**Kiedy uÅ¼ywane :**
- ORDER BY
- GROUP BY (czasami)
- Operacje wymagajÄ…ce sortowania

**PrzykÅ‚ad :**
```sql
EXPLAIN ANALYZE 
SELECT * FROM users ORDER BY created_at DESC LIMIT 100;
```

**Typowy wynik :**
```
Limit
  (cost=234.56..256.78 rows=100 width=64)
  (actual time=12.345..15.678 rows=100 loops=1)
  -> Sort
      (cost=234.56..256.78 rows=10000 width=64)
      (actual time=12.345..15.234 rows=100 loops=1)
      Sort Key: created_at DESC
      Sort Method: top-N heapsort  Memory: 32kB
      -> Seq Scan on users
          (cost=0.00..123.45 rows=10000 width=64)
          (actual time=0.089..5.678 rows=10000 loops=1)
```

**Interpretacja :**
- âš ï¸ `Sort Method: external merge` = sortowanie na dysku (wolne)
- âœ… `Sort Method: quicksort` = sortowanie w pamiÄ™ci (szybkie)
- ğŸ” **DziaÅ‚anie** : ZwiÄ™kszyÄ‡ `work_mem` jeÅ›li sortowanie na dysku

### Aggregate

**Kiedy uÅ¼ywane :**
- Funkcje agregujÄ…ce (COUNT, SUM, AVG, etc.)
- GROUP BY

**PrzykÅ‚ad :**
```sql
EXPLAIN ANALYZE 
SELECT status, COUNT(*) 
FROM users 
GROUP BY status;
```

**Typowy wynik :**
```
HashAggregate
  (cost=123.45..145.67 rows=5 width=12)
  (actual time=2.345..2.456 rows=5 loops=1)
  Group Key: status
  Batches: 1  Memory Usage: 24kB
  -> Seq Scan on users
      (cost=0.00..98.76 rows=10000 width=4)
      (actual time=0.089..1.234 rows=10000 loops=1)
```

**Interpretacja :**
- âœ… `HashAggregate` = skuteczne
- âš ï¸ `GroupAggregate` = moÅ¼e byÄ‡ wolne
- ğŸ” **DziaÅ‚anie** : ZwiÄ™kszyÄ‡ `work_mem` jeÅ›li "Batches > 1"

---

## Interpretacja kosztÃ³w

### Struktura kosztÃ³w

```
cost=0.00..25.00
  â†‘      â†‘
  |      â””â”€ Koszt caÅ‚kowity
  â””â”€ Koszt startowy
```

**Koszt startowy :** Koszt przed zwrÃ³ceniem pierwszego wiersza
**Koszt caÅ‚kowity :** Koszt dla zwrÃ³cenia wszystkich wierszy

### PorÃ³wnanie kosztÃ³w

**OgÃ³lna zasada :**
- Koszt < 100 : Bardzo szybko
- Koszt 100-1000 : Szybko
- Koszt 1000-10000 : Umiarkowanie
- Koszt > 10000 : Potencjalnie wolno

**âš ï¸ WaÅ¼ne :** Koszty sÄ… wzglÄ™dne i zaleÅ¼Ä… od konfiguracji.

### RÃ³Å¼nica miÄ™dzy szacunkiem a rzeczywistoÅ›ciÄ…

**PorÃ³wnaÄ‡ :**
- `rows` (szacowane) vs `rows` (rzeczywiste w ANALYZE)
- `cost` (szacowane) vs `actual time` (rzeczywiste)

**PrzykÅ‚ad problematyczny :**
```
Seq Scan on users
  (cost=0.00..25.00 rows=1 width=64)
  (actual time=0.123..1500.456 rows=100000 loops=1)
```

**Problem :** Szacowanie bardzo nieprawidÅ‚owe (1 wiersz szacowany, 100000 rzeczywistych)
**DziaÅ‚anie :** WykonaÄ‡ `ANALYZE users;`

---

## SygnaÅ‚y alarmowe

### ğŸ”´ Alarmy krytyczne

1. **Seq Scan na duÅ¼ej tabeli**
   ```
   Seq Scan on large_table (cost=0.00..50000.00 rows=1000000)
   ```
   **DziaÅ‚anie :** UtworzyÄ‡ odpowiedni indeks

2. **Sortowanie na dysku**
   ```
   Sort Method: external merge  Disk: 50000kB
   ```
   **DziaÅ‚anie :** ZwiÄ™kszyÄ‡ `work_mem`

3. **Bardzo nieprawidÅ‚owe szacowanie**
   ```
   rows=1 (szacowane) vs rows=100000 (rzeczywiste)
   ```
   **DziaÅ‚anie :** WykonaÄ‡ `ANALYZE`

4. **Hash Join z wieloma batchami**
   ```
   Hash Join
     Batches: 16  Memory Usage: 512kB
   ```
   **DziaÅ‚anie :** ZwiÄ™kszyÄ‡ `work_mem`

5. **Nested Loop z duÅ¼Ä… pÄ™tlÄ… zewnÄ™trznÄ…**
   ```
   Nested Loop (loops=100000)
   ```
   **DziaÅ‚anie :** SprawdziÄ‡ indeksy lub zmieniÄ‡ typ zÅ‚Ä…czenia

### ğŸŸ¡ Alarmy umiarkowane

1. **Index Scan z wieloma Heap Fetches**
   ```
   Index Only Scan
     Heap Fetches: 50000
   ```
   **DziaÅ‚anie :** SprawdziÄ‡ widocznoÅ›Ä‡ krotek

2. **Bitmap Heap Scan z wieloma rechecks**
   ```
   Rows Removed by Filter: 50000
   ```
   **DziaÅ‚anie :** PoprawiÄ‡ selektywnoÅ›Ä‡ indeksu

3. **Wysoki czas planowania**
   ```
   Planning Time: 500.234 ms
   ```
   **DziaÅ‚anie :** UproÅ›ciÄ‡ zapytanie lub zwiÄ™kszyÄ‡ `plan_cache_mode`

---

## Dobre praktyki

### 1. Zawsze uÅ¼ywaÄ‡ EXPLAIN ANALYZE dla wolnych zapytaÅ„

```sql
EXPLAIN (ANALYZE, BUFFERS, VERBOSE) 
SELECT ...;
```

### 2. PorÃ³wnywaÄ‡ szacunki i rzeczywistoÅ›Ä‡

SprawdziÄ‡ czy `rows` (szacowane) â‰ˆ `rows` (rzeczywiste)

### 3. MonitorowaÄ‡ bufory

```sql
EXPLAIN (ANALYZE, BUFFERS) SELECT ...;
```

- `shared hit` wysoki = dobrze (cache)
- `shared read` wysoki = moÅ¼na poprawiÄ‡ (I/O dysku)

### 4. IdentyfikowaÄ‡ kosztowne operacje

SzukaÄ‡ operacji z :
- `actual time` wysokim
- `loops` wysokim
- `rows` znacznie wyÅ¼szym niÅ¼ szacunek

### 5. UÅ¼ywaÄ‡ narzÄ™dzi wizualizacji

- **pgAdmin** : Wizualizacja graficzna planÃ³w
- **explain.dalibo.com** : Analiza online
- **pev** : PostgreSQL Explain Visualizer

---

## ğŸ“Š Kluczowe punkty do zapamiÄ™tania

1. **EXPLAIN** = szacunek, **EXPLAIN ANALYZE** = rzeczywistoÅ›Ä‡
2. **Seq Scan** na duÅ¼ej tabeli = potencjalny problem
3. **Sortowanie na dysku** = zwiÄ™kszyÄ‡ `work_mem`
4. **NieprawidÅ‚owe szacowanie** = wykonaÄ‡ `ANALYZE`
5. **Zawsze porÃ³wnywaÄ‡** szacunek vs rzeczywistoÅ›Ä‡

## ğŸ”— NastÄ™pny moduÅ‚

PrzejdÅº do moduÅ‚u [3. Dalibo - NarzÄ™dzie analizy](../03-dalibo/README.md), aby nauczyÄ‡ siÄ™ uÅ¼ywaÄ‡ Dalibo do analizy wydajnoÅ›ci.

