# 2. Analyse des plans d'ex√©cution

## üéØ Objectifs

- Ma√Ætriser EXPLAIN et EXPLAIN ANALYZE
- Interpr√©ter les diff√©rents types d'op√©rations
- Comprendre les co√ªts et temps d'ex√©cution
- Identifier les probl√®mes de performance dans les plans

## üìã Table des mati√®res

1. [EXPLAIN et EXPLAIN ANALYZE](#explain-et-explain-analyze)
2. [Types d'op√©rations](#types-dop√©rations)
3. [Interpr√©tation des co√ªts](#interpr√©tation-des-co√ªts)
4. [Signaux d'alerte](#signaux-dalerte)
5. [Bonnes pratiques](#bonnes-pratiques)

---

## EXPLAIN et EXPLAIN ANALYZE

### EXPLAIN (sans ex√©cution)

Affiche le plan d'ex√©cution estim√© **sans ex√©cuter la requ√™te** :

```sql
EXPLAIN SELECT * FROM users WHERE email = 'user@example.com';
```

**R√©sultat :**
```
Seq Scan on users  (cost=0.00..25.00 rows=1 width=64)
  Filter: (email = 'user@example.com'::text)
```

### EXPLAIN ANALYZE (avec ex√©cution)

Ex√©cute la requ√™te et affiche les **temps r√©els** :

```sql
EXPLAIN ANALYZE SELECT * FROM users WHERE email = 'user@example.com';
```

**R√©sultat :**
```
Seq Scan on users  (cost=0.00..25.00 rows=1 width=64) 
  (actual time=0.123..15.456 rows=1 loops=1)
  Filter: (email = 'user@example.com'::text)
  Rows Removed by Filter: 9999
Planning Time: 0.234 ms
Execution Time: 15.678 ms
```

### Options utiles

```sql
-- Format JSON (pour outils externes)
EXPLAIN (ANALYZE, BUFFERS, FORMAT JSON) 
SELECT * FROM users WHERE email = 'user@example.com';

-- Afficher les buffers
EXPLAIN (ANALYZE, BUFFERS) 
SELECT * FROM users WHERE email = 'user@example.com';

-- Afficher les param√®tres de planification
EXPLAIN (ANALYZE, VERBOSE, SETTINGS) 
SELECT * FROM users WHERE email = 'user@example.com';

-- Format YAML
EXPLAIN (ANALYZE, FORMAT YAML) 
SELECT * FROM users WHERE email = 'user@example.com';
```

### Interpr√©tation des m√©triques

**Co√ªts estim√©s :**
- `cost=0.00..25.00` : Co√ªt de d√©marrage..Co√ªt total
- `rows=1` : Nombre de lignes estim√©es
- `width=64` : Taille moyenne d'une ligne en octets

**Temps r√©els (ANALYZE) :**
- `actual time=0.123..15.456` : Temps de d√©marrage..Temps total (ms)
- `rows=1` : Nombre r√©el de lignes retourn√©es
- `loops=1` : Nombre d'ex√©cutions de cette op√©ration
- `Planning Time` : Temps de planification
- `Execution Time` : Temps total d'ex√©cution

**Buffers (avec BUFFERS) :**
- `shared hit=15` : Pages lues depuis le cache partag√©
- `shared read=3` : Pages lues depuis le disque
- `shared written=0` : Pages √©crites
- `temp read/written` : Pages temporaires

---

## Types d'op√©rations

### Seq Scan (Scan s√©quentiel)

**Quand utilis√© :**
- Pas d'index appropri√©
- Table petite (< 10% de la table)
- Index non s√©lectif

**Exemple :**
```sql
EXPLAIN ANALYZE SELECT * FROM users WHERE status = 'inactive';
```

**Interpr√©tation :**
- ‚úÖ Acceptable pour petites tables
- ‚ö†Ô∏è Probl√©matique pour grandes tables
- üîç **Action** : Cr√©er un index si la table est grande

### Index Scan

**Quand utilis√© :**
- Index disponible et s√©lectif
- Acc√®s direct par index

**Exemple :**
```sql
EXPLAIN ANALYZE 
SELECT * FROM users WHERE email = 'user@example.com';
```

**R√©sultat typique :**
```
Index Scan using idx_users_email on users  
  (cost=0.42..8.44 rows=1 width=64)
  (actual time=0.123..0.125 rows=1 loops=1)
  Index Cond: (email = 'user@example.com'::text)
```

**Interpr√©tation :**
- ‚úÖ Bonne performance
- ‚úÖ Acc√®s direct aux lignes

### Index Only Scan

**Quand utilis√© :**
- Toutes les colonnes n√©cessaires sont dans l'index
- Pas besoin d'acc√©der √† la table

**Exemple :**
```sql
-- Index sur (id, email)
CREATE INDEX idx_users_id_email ON users(id, email);

EXPLAIN ANALYZE 
SELECT id, email FROM users WHERE id BETWEEN 1 AND 100;
```

**R√©sultat typique :**
```
Index Only Scan using idx_users_id_email on users
  (cost=0.42..5.44 rows=100 width=64)
  (actual time=0.123..0.456 rows=100 loops=1)
  Index Cond: ((id >= 1) AND (id <= 100))
  Heap Fetches: 0
```

**Interpr√©tation :**
- ‚úÖ Performance optimale
- ‚úÖ `Heap Fetches: 0` = pas d'acc√®s √† la table

### Bitmap Index Scan + Bitmap Heap Scan

**Quand utilis√© :**
- Conditions multiples avec plusieurs index
- Retourne plusieurs lignes

**Exemple :**
```sql
EXPLAIN ANALYZE 
SELECT * FROM users 
WHERE status = 'active' AND created_at > '2024-01-01';
```

**R√©sultat typique :**
```
Bitmap Heap Scan on users
  (cost=4.44..25.67 rows=50 width=64)
  (actual time=0.234..1.456 rows=45 loops=1)
  Recheck Cond: ((status = 'active'::text) AND (created_at > '2024-01-01'::date))
  Heap Blocks: exact=12
  -> Bitmap Index Scan on idx_users_status
      (cost=0.00..4.43 rows=50 width=0)
      (actual time=0.123..0.123 rows=45 loops=1)
      Index Cond: (status = 'active'::text)
```

**Interpr√©tation :**
- ‚úÖ Efficace pour plusieurs conditions
- ‚ö†Ô∏è `Recheck Cond` = v√©rification suppl√©mentaire

### Nested Loop

**Quand utilis√© :**
- Petites tables ou r√©sultats limit√©s
- Une table externe petite

**Exemple :**
```sql
EXPLAIN ANALYZE 
SELECT u.*, o.* 
FROM users u 
JOIN orders o ON u.id = o.user_id 
WHERE u.id = 123;
```

**R√©sultat typique :**
```
Nested Loop
  (cost=0.85..25.67 rows=10 width=128)
  (actual time=0.123..2.456 rows=8 loops=1)
  -> Index Scan using idx_users_id on users
      (cost=0.42..8.44 rows=1 width=64)
      (actual time=0.089..0.090 rows=1 loops=1)
      Index Cond: (id = 123)
  -> Index Scan using idx_orders_user_id on orders
      (cost=0.42..17.23 rows=10 width=64)
      (actual time=0.234..2.345 rows=8 loops=1)
      Index Cond: (user_id = 123)
```

**Interpr√©tation :**
- ‚úÖ Efficace pour petites boucles
- ‚ö†Ô∏è Peut √™tre lent si la boucle externe est grande

### Hash Join

**Quand utilis√© :**
- Tables de taille similaire
- Pas d'index sur la cl√© de jointure
- √âgalit√© simple

**Exemple :**
```sql
EXPLAIN ANALYZE 
SELECT u.*, o.* 
FROM users u 
JOIN orders o ON u.id = o.user_id;
```

**R√©sultat typique :**
```
Hash Join
  (cost=125.67..456.78 rows=10000 width=128)
  (actual time=2.345..15.678 rows=9876 loops=1)
  Hash Cond: (o.user_id = u.id)
  -> Seq Scan on orders o
      (cost=0.00..234.56 rows=10000 width=64)
      (actual time=0.123..5.678 rows=10000 loops=1)
  -> Hash
      (cost=123.45..123.45 rows=1000 width=64)
      (actual time=1.234..1.234 rows=1000 loops=1)
      Buckets: 1024  Batches: 1  Memory Usage: 64kB
      -> Seq Scan on users u
          (cost=0.00..123.45 rows=1000 width=64)
          (actual time=0.089..0.567 rows=1000 loops=1)
```

**Interpr√©tation :**
- ‚úÖ Efficace pour jointures d'√©galit√©
- ‚ö†Ô∏è N√©cessite de la m√©moire (`work_mem`)
- üîç **Action** : Augmenter `work_mem` si "Batches > 1"

### Merge Join

**Quand utilis√© :**
- Donn√©es d√©j√† tri√©es
- Jointures sur cl√©s tri√©es
- Op√©rateurs de comparaison (<, >, <=, >=)

**Exemple :**
```sql
EXPLAIN ANALYZE 
SELECT u.*, o.* 
FROM users u 
JOIN orders o ON u.id = o.user_id 
ORDER BY u.id;
```

**Interpr√©tation :**
- ‚úÖ Efficace si les donn√©es sont tri√©es
- ‚ö†Ô∏è N√©cessite un tri si les donn√©es ne le sont pas

### Sort

**Quand utilis√© :**
- ORDER BY
- GROUP BY (parfois)
- Op√©rations n√©cessitant un tri

**Exemple :**
```sql
EXPLAIN ANALYZE 
SELECT * FROM users ORDER BY created_at DESC LIMIT 100;
```

**R√©sultat typique :**
```
Limit
  (cost=234.56..256.78 rows=100 width=64)
  (actual time=12.345..15.678 rows=100 loops=1)
  -> Sort
      (cost=234.56..256.78 rows=10000 width=64)
      (actual time=12.345..15.234 rows=100 loops=1)
      Sort Key: created_at DESC
      Sort Method: top-N heapsort  Memory: 32kB
      -> Seq Scan on users
          (cost=0.00..123.45 rows=10000 width=64)
          (actual time=0.089..5.678 rows=10000 loops=1)
```

**Interpr√©tation :**
- ‚ö†Ô∏è `Sort Method: external merge` = tri sur disque (lent)
- ‚úÖ `Sort Method: quicksort` = tri en m√©moire (rapide)
- üîç **Action** : Augmenter `work_mem` si tri sur disque

### Aggregate

**Quand utilis√© :**
- Fonctions d'agr√©gation (COUNT, SUM, AVG, etc.)
- GROUP BY

**Exemple :**
```sql
EXPLAIN ANALYZE 
SELECT status, COUNT(*) 
FROM users 
GROUP BY status;
```

**R√©sultat typique :**
```
HashAggregate
  (cost=123.45..145.67 rows=5 width=12)
  (actual time=2.345..2.456 rows=5 loops=1)
  Group Key: status
  Batches: 1  Memory Usage: 24kB
  -> Seq Scan on users
      (cost=0.00..98.76 rows=10000 width=4)
      (actual time=0.089..1.234 rows=10000 loops=1)
```

**Interpr√©tation :**
- ‚úÖ `HashAggregate` = efficace
- ‚ö†Ô∏è `GroupAggregate` = peut √™tre lent
- üîç **Action** : Augmenter `work_mem` si "Batches > 1"

---

## Interpr√©tation des co√ªts

### Structure des co√ªts

```
cost=0.00..25.00
  ‚Üë      ‚Üë
  |      ‚îî‚îÄ Co√ªt total
  ‚îî‚îÄ Co√ªt de d√©marrage
```

**Co√ªt de d√©marrage :** Co√ªt avant de retourner la premi√®re ligne
**Co√ªt total :** Co√ªt pour retourner toutes les lignes

### Comparaison des co√ªts

**R√®gle g√©n√©rale :**
- Co√ªt < 100 : Tr√®s rapide
- Co√ªt 100-1000 : Rapide
- Co√ªt 1000-10000 : Mod√©r√©
- Co√ªt > 10000 : Potentiellement lent

**‚ö†Ô∏è Important :** Les co√ªts sont relatifs et d√©pendent de la configuration.

### √âcart entre estimation et r√©alit√©

**Comparer :**
- `rows` (estim√©) vs `rows` (r√©el dans ANALYZE)
- `cost` (estim√©) vs `actual time` (r√©el)

**Exemple probl√©matique :**
```
Seq Scan on users
  (cost=0.00..25.00 rows=1 width=64)
  (actual time=0.123..1500.456 rows=100000 loops=1)
```

**Probl√®me :** Estimation tr√®s incorrecte (1 ligne estim√©e, 100000 r√©elles)
**Action :** Ex√©cuter `ANALYZE users;`

---

## Signaux d'alerte

### üî¥ Alertes critiques

1. **Seq Scan sur grande table**
   ```
   Seq Scan on large_table (cost=0.00..50000.00 rows=1000000)
   ```
   **Action :** Cr√©er un index appropri√©

2. **Tri sur disque**
   ```
   Sort Method: external merge  Disk: 50000kB
   ```
   **Action :** Augmenter `work_mem`

3. **Estimation tr√®s incorrecte**
   ```
   rows=1 (estimated) vs rows=100000 (actual)
   ```
   **Action :** Ex√©cuter `ANALYZE`

4. **Hash Join avec plusieurs batches**
   ```
   Hash Join
     Batches: 16  Memory Usage: 512kB
   ```
   **Action :** Augmenter `work_mem`

5. **Nested Loop avec grande boucle externe**
   ```
   Nested Loop (loops=100000)
   ```
   **Action :** V√©rifier les index ou changer le type de jointure

### üü° Alertes mod√©r√©es

1. **Index Scan avec beaucoup de Heap Fetches**
   ```
   Index Only Scan
     Heap Fetches: 50000
   ```
   **Action :** V√©rifier la visibilit√© des tuples

2. **Bitmap Heap Scan avec beaucoup de rechecks**
   ```
   Rows Removed by Filter: 50000
   ```
   **Action :** Am√©liorer la s√©lectivit√© de l'index

3. **Temps de planification √©lev√©**
   ```
   Planning Time: 500.234 ms
   ```
   **Action :** Simplifier la requ√™te ou augmenter `plan_cache_mode`

---

## Bonnes pratiques

### 1. Toujours utiliser EXPLAIN ANALYZE pour les requ√™tes lentes

```sql
EXPLAIN (ANALYZE, BUFFERS, VERBOSE) 
SELECT ...;
```

### 2. Comparer les estimations et la r√©alit√©

V√©rifier si `rows` (estim√©) ‚âà `rows` (r√©el)

### 3. Surveiller les buffers

```sql
EXPLAIN (ANALYZE, BUFFERS) SELECT ...;
```

- `shared hit` √©lev√© = bon (cache)
- `shared read` √©lev√© = peut √™tre am√©lior√© (I/O disque)

### 4. Identifier les op√©rations co√ªteuses

Chercher les op√©rations avec :
- `actual time` √©lev√©
- `loops` √©lev√©
- `rows` beaucoup plus √©lev√© que l'estimation

### 5. Utiliser des outils de visualisation

- **pgAdmin** : Visualisation graphique des plans
- **explain.dalibo.com** : Analyse en ligne
- **pev** : PostgreSQL Explain Visualizer

---

## üìä Points cl√©s √† retenir

1. **EXPLAIN** = estimation, **EXPLAIN ANALYZE** = r√©alit√©
2. **Seq Scan** sur grande table = probl√®me potentiel
3. **Tri sur disque** = augmenter `work_mem`
4. **Estimation incorrecte** = ex√©cuter `ANALYZE`
5. **Comparer toujours** estimation vs r√©alit√©

## üîó Prochain module

Passer au module [3. Dalibo - Outil d'analyse](../03-dalibo/README.md) pour apprendre √† utiliser Dalibo pour l'analyse de performance.

